11-Jul-2019 22:30:49.881 信息 [main] org.apache.catalina.startup.VersionLoggerListener.log Server version:        Apache Tomcat/8.5.31
11-Jul-2019 22:30:49.883 信息 [main] org.apache.catalina.startup.VersionLoggerListener.log Server built:          Apr 27 2018 20:24:25 UTC
11-Jul-2019 22:30:49.884 信息 [main] org.apache.catalina.startup.VersionLoggerListener.log Server number:         8.5.31.0
11-Jul-2019 22:30:49.884 信息 [main] org.apache.catalina.startup.VersionLoggerListener.log OS Name:               Windows 10
11-Jul-2019 22:30:49.884 信息 [main] org.apache.catalina.startup.VersionLoggerListener.log OS Version:            10.0
11-Jul-2019 22:30:49.884 信息 [main] org.apache.catalina.startup.VersionLoggerListener.log Architecture:          amd64
11-Jul-2019 22:30:49.884 信息 [main] org.apache.catalina.startup.VersionLoggerListener.log Java Home:             E:\jdk1.8\jre
11-Jul-2019 22:30:49.884 信息 [main] org.apache.catalina.startup.VersionLoggerListener.log JVM Version:           1.8.0_131-b11
11-Jul-2019 22:30:49.884 信息 [main] org.apache.catalina.startup.VersionLoggerListener.log JVM Vendor:            Oracle Corporation
11-Jul-2019 22:30:49.884 信息 [main] org.apache.catalina.startup.VersionLoggerListener.log CATALINA_BASE:         E:\dubbo-zk-tomcat\apache-tomcat-8.5.31
11-Jul-2019 22:30:49.884 信息 [main] org.apache.catalina.startup.VersionLoggerListener.log CATALINA_HOME:         E:\dubbo-zk-tomcat\apache-tomcat-8.5.31
11-Jul-2019 22:30:49.885 信息 [main] org.apache.catalina.startup.VersionLoggerListener.log Command line argument: -Djava.util.logging.config.file=E:\dubbo-zk-tomcat\apache-tomcat-8.5.31\conf\logging.properties
11-Jul-2019 22:30:49.885 信息 [main] org.apache.catalina.startup.VersionLoggerListener.log Command line argument: -Djava.util.logging.manager=org.apache.juli.ClassLoaderLogManager
11-Jul-2019 22:30:49.885 信息 [main] org.apache.catalina.startup.VersionLoggerListener.log Command line argument: -Djdk.tls.ephemeralDHKeySize=2048
11-Jul-2019 22:30:49.885 信息 [main] org.apache.catalina.startup.VersionLoggerListener.log Command line argument: -Djava.protocol.handler.pkgs=org.apache.catalina.webresources
11-Jul-2019 22:30:49.885 信息 [main] org.apache.catalina.startup.VersionLoggerListener.log Command line argument: -Dignore.endorsed.dirs=
11-Jul-2019 22:30:49.885 信息 [main] org.apache.catalina.startup.VersionLoggerListener.log Command line argument: -Dcatalina.base=E:\dubbo-zk-tomcat\apache-tomcat-8.5.31
11-Jul-2019 22:30:49.885 信息 [main] org.apache.catalina.startup.VersionLoggerListener.log Command line argument: -Dcatalina.home=E:\dubbo-zk-tomcat\apache-tomcat-8.5.31
11-Jul-2019 22:30:49.885 信息 [main] org.apache.catalina.startup.VersionLoggerListener.log Command line argument: -Djava.io.tmpdir=E:\dubbo-zk-tomcat\apache-tomcat-8.5.31\temp
11-Jul-2019 22:30:49.886 信息 [main] org.apache.catalina.core.AprLifecycleListener.lifecycleEvent Loaded APR based Apache Tomcat Native library [1.2.16] using APR version [1.6.3].
11-Jul-2019 22:30:49.886 信息 [main] org.apache.catalina.core.AprLifecycleListener.lifecycleEvent APR capabilities: IPv6 [true], sendfile [true], accept filters [false], random [true].
11-Jul-2019 22:30:49.886 信息 [main] org.apache.catalina.core.AprLifecycleListener.lifecycleEvent APR/OpenSSL configuration: useAprConnector [false], useOpenSSL [true]
11-Jul-2019 22:30:50.353 信息 [main] org.apache.catalina.core.AprLifecycleListener.initializeSSL OpenSSL successfully initialized [OpenSSL 1.0.2m  2 Nov 2017]
11-Jul-2019 22:30:50.477 信息 [main] org.apache.coyote.AbstractProtocol.init Initializing ProtocolHandler ["http-nio-8088"]
11-Jul-2019 22:30:50.564 信息 [main] org.apache.tomcat.util.net.NioSelectorPool.getSharedSelector Using a shared selector for servlet write/read
11-Jul-2019 22:30:50.568 信息 [main] org.apache.coyote.AbstractProtocol.init Initializing ProtocolHandler ["ajp-nio-8009"]
11-Jul-2019 22:30:50.569 信息 [main] org.apache.tomcat.util.net.NioSelectorPool.getSharedSelector Using a shared selector for servlet write/read
11-Jul-2019 22:30:50.570 信息 [main] org.apache.catalina.startup.Catalina.load Initialization processed in 938 ms
11-Jul-2019 22:30:50.590 信息 [main] org.apache.catalina.core.StandardService.startInternal Starting service [Catalina]
11-Jul-2019 22:30:50.591 信息 [main] org.apache.catalina.core.StandardEngine.startInternal Starting Servlet Engine: Apache Tomcat/8.5.31
11-Jul-2019 22:30:50.597 信息 [localhost-startStop-1] org.apache.catalina.startup.HostConfig.deployDirectory Deploying web application directory [E:\dubbo-zk-tomcat\apache-tomcat-8.5.31\webapps\docs]
11-Jul-2019 22:30:50.783 信息 [localhost-startStop-1] org.apache.catalina.startup.HostConfig.deployDirectory Deployment of web application directory [E:\dubbo-zk-tomcat\apache-tomcat-8.5.31\webapps\docs] has finished in [186] ms
11-Jul-2019 22:30:50.784 信息 [localhost-startStop-1] org.apache.catalina.startup.HostConfig.deployDirectory Deploying web application directory [E:\dubbo-zk-tomcat\apache-tomcat-8.5.31\webapps\dubbo-admin]
11-Jul-2019 22:30:53.076 信息 [localhost-startStop-1] org.apache.jasper.servlet.TldScanner.scanJars At least one JAR was scanned for TLDs yet contained no TLDs. Enable debug logging for this logger for a complete list of JARs that were scanned but no TLDs were found in them. Skipping unneeded JARs during scanning can improve startup time and JSP compilation time.
11-Jul-2019 22:31:02.952 信息 [localhost-startStop-1] org.apache.catalina.startup.HostConfig.deployDirectory Deployment of web application directory [E:\dubbo-zk-tomcat\apache-tomcat-8.5.31\webapps\dubbo-admin] has finished in [12,167] ms
11-Jul-2019 22:31:02.952 信息 [localhost-startStop-1] org.apache.catalina.startup.HostConfig.deployDirectory Deploying web application directory [E:\dubbo-zk-tomcat\apache-tomcat-8.5.31\webapps\examples]
11-Jul-2019 22:31:03.141 信息 [localhost-startStop-1] org.apache.catalina.startup.HostConfig.deployDirectory Deployment of web application directory [E:\dubbo-zk-tomcat\apache-tomcat-8.5.31\webapps\examples] has finished in [189] ms
11-Jul-2019 22:31:03.141 信息 [localhost-startStop-1] org.apache.catalina.startup.HostConfig.deployDirectory Deploying web application directory [E:\dubbo-zk-tomcat\apache-tomcat-8.5.31\webapps\host-manager]
11-Jul-2019 22:31:03.162 信息 [localhost-startStop-1] org.apache.catalina.startup.HostConfig.deployDirectory Deployment of web application directory [E:\dubbo-zk-tomcat\apache-tomcat-8.5.31\webapps\host-manager] has finished in [21] ms
11-Jul-2019 22:31:03.162 信息 [localhost-startStop-1] org.apache.catalina.startup.HostConfig.deployDirectory Deploying web application directory [E:\dubbo-zk-tomcat\apache-tomcat-8.5.31\webapps\manager]
11-Jul-2019 22:31:03.180 信息 [localhost-startStop-1] org.apache.catalina.startup.HostConfig.deployDirectory Deployment of web application directory [E:\dubbo-zk-tomcat\apache-tomcat-8.5.31\webapps\manager] has finished in [18] ms
11-Jul-2019 22:31:03.180 信息 [localhost-startStop-1] org.apache.catalina.startup.HostConfig.deployDirectory Deploying web application directory [E:\dubbo-zk-tomcat\apache-tomcat-8.5.31\webapps\ROOT]
11-Jul-2019 22:31:03.192 信息 [localhost-startStop-1] org.apache.catalina.startup.HostConfig.deployDirectory Deployment of web application directory [E:\dubbo-zk-tomcat\apache-tomcat-8.5.31\webapps\ROOT] has finished in [12] ms
11-Jul-2019 22:31:03.195 信息 [main] org.apache.coyote.AbstractProtocol.start Starting ProtocolHandler ["http-nio-8088"]
11-Jul-2019 22:31:03.201 信息 [main] org.apache.coyote.AbstractProtocol.start Starting ProtocolHandler ["ajp-nio-8009"]
11-Jul-2019 22:31:03.204 信息 [main] org.apache.catalina.startup.Catalina.start Server startup in 12634 ms
11-Jul-2019 22:51:43.737 信息 [main] org.apache.catalina.startup.VersionLoggerListener.log Server version:        Apache Tomcat/8.5.31
11-Jul-2019 22:51:43.740 信息 [main] org.apache.catalina.startup.VersionLoggerListener.log Server built:          Apr 27 2018 20:24:25 UTC
11-Jul-2019 22:51:43.740 信息 [main] org.apache.catalina.startup.VersionLoggerListener.log Server number:         8.5.31.0
11-Jul-2019 22:51:43.740 信息 [main] org.apache.catalina.startup.VersionLoggerListener.log OS Name:               Windows 10
11-Jul-2019 22:51:43.740 信息 [main] org.apache.catalina.startup.VersionLoggerListener.log OS Version:            10.0
11-Jul-2019 22:51:43.740 信息 [main] org.apache.catalina.startup.VersionLoggerListener.log Architecture:          amd64
11-Jul-2019 22:51:43.740 信息 [main] org.apache.catalina.startup.VersionLoggerListener.log Java Home:             E:\jdk1.8\jre
11-Jul-2019 22:51:43.740 信息 [main] org.apache.catalina.startup.VersionLoggerListener.log JVM Version:           1.8.0_131-b11
11-Jul-2019 22:51:43.740 信息 [main] org.apache.catalina.startup.VersionLoggerListener.log JVM Vendor:            Oracle Corporation
11-Jul-2019 22:51:43.740 信息 [main] org.apache.catalina.startup.VersionLoggerListener.log CATALINA_BASE:         E:\dubbo-zk-tomcat\dubbo-admin-2.5.8
11-Jul-2019 22:51:43.740 信息 [main] org.apache.catalina.startup.VersionLoggerListener.log CATALINA_HOME:         E:\dubbo-zk-tomcat\dubbo-admin-2.5.8
11-Jul-2019 22:51:43.741 信息 [main] org.apache.catalina.startup.VersionLoggerListener.log Command line argument: -Djava.util.logging.config.file=E:\dubbo-zk-tomcat\dubbo-admin-2.5.8\conf\logging.properties
11-Jul-2019 22:51:43.741 信息 [main] org.apache.catalina.startup.VersionLoggerListener.log Command line argument: -Djava.util.logging.manager=org.apache.juli.ClassLoaderLogManager
11-Jul-2019 22:51:43.741 信息 [main] org.apache.catalina.startup.VersionLoggerListener.log Command line argument: -Djdk.tls.ephemeralDHKeySize=2048
11-Jul-2019 22:51:43.741 信息 [main] org.apache.catalina.startup.VersionLoggerListener.log Command line argument: -Djava.protocol.handler.pkgs=org.apache.catalina.webresources
11-Jul-2019 22:51:43.741 信息 [main] org.apache.catalina.startup.VersionLoggerListener.log Command line argument: -Dignore.endorsed.dirs=
11-Jul-2019 22:51:43.741 信息 [main] org.apache.catalina.startup.VersionLoggerListener.log Command line argument: -Dcatalina.base=E:\dubbo-zk-tomcat\dubbo-admin-2.5.8
11-Jul-2019 22:51:43.741 信息 [main] org.apache.catalina.startup.VersionLoggerListener.log Command line argument: -Dcatalina.home=E:\dubbo-zk-tomcat\dubbo-admin-2.5.8
11-Jul-2019 22:51:43.742 信息 [main] org.apache.catalina.startup.VersionLoggerListener.log Command line argument: -Djava.io.tmpdir=E:\dubbo-zk-tomcat\dubbo-admin-2.5.8\temp
11-Jul-2019 22:51:43.743 信息 [main] org.apache.catalina.core.AprLifecycleListener.lifecycleEvent Loaded APR based Apache Tomcat Native library [1.2.16] using APR version [1.6.3].
11-Jul-2019 22:51:43.743 信息 [main] org.apache.catalina.core.AprLifecycleListener.lifecycleEvent APR capabilities: IPv6 [true], sendfile [true], accept filters [false], random [true].
11-Jul-2019 22:51:43.743 信息 [main] org.apache.catalina.core.AprLifecycleListener.lifecycleEvent APR/OpenSSL configuration: useAprConnector [false], useOpenSSL [true]
11-Jul-2019 22:51:44.200 信息 [main] org.apache.catalina.core.AprLifecycleListener.initializeSSL OpenSSL successfully initialized [OpenSSL 1.0.2m  2 Nov 2017]
11-Jul-2019 22:51:44.274 信息 [main] org.apache.coyote.AbstractProtocol.init Initializing ProtocolHandler ["http-nio-8088"]
11-Jul-2019 22:51:44.363 信息 [main] org.apache.tomcat.util.net.NioSelectorPool.getSharedSelector Using a shared selector for servlet write/read
11-Jul-2019 22:51:44.367 信息 [main] org.apache.coyote.AbstractProtocol.init Initializing ProtocolHandler ["ajp-nio-8009"]
11-Jul-2019 22:51:44.368 信息 [main] org.apache.tomcat.util.net.NioSelectorPool.getSharedSelector Using a shared selector for servlet write/read
11-Jul-2019 22:51:44.368 信息 [main] org.apache.catalina.startup.Catalina.load Initialization processed in 847 ms
11-Jul-2019 22:51:44.386 信息 [main] org.apache.catalina.core.StandardService.startInternal Starting service [Catalina]
11-Jul-2019 22:51:44.386 信息 [main] org.apache.catalina.core.StandardEngine.startInternal Starting Servlet Engine: Apache Tomcat/8.5.31
11-Jul-2019 22:51:44.393 信息 [localhost-startStop-1] org.apache.catalina.startup.HostConfig.deployDirectory Deploying web application directory [E:\dubbo-zk-tomcat\dubbo-admin-2.5.8\webapps\docs]
11-Jul-2019 22:51:44.567 信息 [localhost-startStop-1] org.apache.catalina.startup.HostConfig.deployDirectory Deployment of web application directory [E:\dubbo-zk-tomcat\dubbo-admin-2.5.8\webapps\docs] has finished in [174] ms
11-Jul-2019 22:51:44.568 信息 [localhost-startStop-1] org.apache.catalina.startup.HostConfig.deployDirectory Deploying web application directory [E:\dubbo-zk-tomcat\dubbo-admin-2.5.8\webapps\dubbo-admin]
11-Jul-2019 22:51:46.506 信息 [localhost-startStop-1] org.apache.jasper.servlet.TldScanner.scanJars At least one JAR was scanned for TLDs yet contained no TLDs. Enable debug logging for this logger for a complete list of JARs that were scanned but no TLDs were found in them. Skipping unneeded JARs during scanning can improve startup time and JSP compilation time.
11-Jul-2019 22:51:56.221 信息 [localhost-startStop-1] org.apache.catalina.startup.HostConfig.deployDirectory Deployment of web application directory [E:\dubbo-zk-tomcat\dubbo-admin-2.5.8\webapps\dubbo-admin] has finished in [11,653] ms
11-Jul-2019 22:51:56.222 信息 [localhost-startStop-1] org.apache.catalina.startup.HostConfig.deployDirectory Deploying web application directory [E:\dubbo-zk-tomcat\dubbo-admin-2.5.8\webapps\examples]
11-Jul-2019 22:51:56.377 信息 [localhost-startStop-1] org.apache.catalina.startup.HostConfig.deployDirectory Deployment of web application directory [E:\dubbo-zk-tomcat\dubbo-admin-2.5.8\webapps\examples] has finished in [155] ms
11-Jul-2019 22:51:56.377 信息 [localhost-startStop-1] org.apache.catalina.startup.HostConfig.deployDirectory Deploying web application directory [E:\dubbo-zk-tomcat\dubbo-admin-2.5.8\webapps\host-manager]
11-Jul-2019 22:51:56.394 信息 [localhost-startStop-1] org.apache.catalina.startup.HostConfig.deployDirectory Deployment of web application directory [E:\dubbo-zk-tomcat\dubbo-admin-2.5.8\webapps\host-manager] has finished in [17] ms
11-Jul-2019 22:51:56.394 信息 [localhost-startStop-1] org.apache.catalina.startup.HostConfig.deployDirectory Deploying web application directory [E:\dubbo-zk-tomcat\dubbo-admin-2.5.8\webapps\manager]
11-Jul-2019 22:51:56.410 信息 [localhost-startStop-1] org.apache.catalina.startup.HostConfig.deployDirectory Deployment of web application directory [E:\dubbo-zk-tomcat\dubbo-admin-2.5.8\webapps\manager] has finished in [15] ms
11-Jul-2019 22:51:56.410 信息 [localhost-startStop-1] org.apache.catalina.startup.HostConfig.deployDirectory Deploying web application directory [E:\dubbo-zk-tomcat\dubbo-admin-2.5.8\webapps\ROOT]
11-Jul-2019 22:51:56.421 信息 [localhost-startStop-1] org.apache.catalina.startup.HostConfig.deployDirectory Deployment of web application directory [E:\dubbo-zk-tomcat\dubbo-admin-2.5.8\webapps\ROOT] has finished in [10] ms
11-Jul-2019 22:51:56.423 信息 [main] org.apache.coyote.AbstractProtocol.start Starting ProtocolHandler ["http-nio-8088"]
11-Jul-2019 22:51:56.429 信息 [main] org.apache.coyote.AbstractProtocol.start Starting ProtocolHandler ["ajp-nio-8009"]
11-Jul-2019 22:51:56.431 信息 [main] org.apache.catalina.startup.Catalina.start Server startup in 12062 ms
11-Jul-2019 23:02:17.571 信息 [main] org.apache.catalina.startup.VersionLoggerListener.log Server version:        Apache Tomcat/8.5.31
11-Jul-2019 23:02:17.574 信息 [main] org.apache.catalina.startup.VersionLoggerListener.log Server built:          Apr 27 2018 20:24:25 UTC
11-Jul-2019 23:02:17.574 信息 [main] org.apache.catalina.startup.VersionLoggerListener.log Server number:         8.5.31.0
11-Jul-2019 23:02:17.574 信息 [main] org.apache.catalina.startup.VersionLoggerListener.log OS Name:               Windows 10
11-Jul-2019 23:02:17.574 信息 [main] org.apache.catalina.startup.VersionLoggerListener.log OS Version:            10.0
11-Jul-2019 23:02:17.574 信息 [main] org.apache.catalina.startup.VersionLoggerListener.log Architecture:          amd64
11-Jul-2019 23:02:17.574 信息 [main] org.apache.catalina.startup.VersionLoggerListener.log Java Home:             E:\jdk1.8\jre
11-Jul-2019 23:02:17.575 信息 [main] org.apache.catalina.startup.VersionLoggerListener.log JVM Version:           1.8.0_131-b11
11-Jul-2019 23:02:17.575 信息 [main] org.apache.catalina.startup.VersionLoggerListener.log JVM Vendor:            Oracle Corporation
11-Jul-2019 23:02:17.575 信息 [main] org.apache.catalina.startup.VersionLoggerListener.log CATALINA_BASE:         E:\dubbo-zk-tomcat\dubbo-admin-2.5.8
11-Jul-2019 23:02:17.575 信息 [main] org.apache.catalina.startup.VersionLoggerListener.log CATALINA_HOME:         E:\dubbo-zk-tomcat\dubbo-admin-2.5.8
11-Jul-2019 23:02:17.575 信息 [main] org.apache.catalina.startup.VersionLoggerListener.log Command line argument: -Djava.util.logging.config.file=E:\dubbo-zk-tomcat\dubbo-admin-2.5.8\conf\logging.properties
11-Jul-2019 23:02:17.575 信息 [main] org.apache.catalina.startup.VersionLoggerListener.log Command line argument: -Djava.util.logging.manager=org.apache.juli.ClassLoaderLogManager
11-Jul-2019 23:02:17.575 信息 [main] org.apache.catalina.startup.VersionLoggerListener.log Command line argument: -Djdk.tls.ephemeralDHKeySize=2048
11-Jul-2019 23:02:17.575 信息 [main] org.apache.catalina.startup.VersionLoggerListener.log Command line argument: -Djava.protocol.handler.pkgs=org.apache.catalina.webresources
11-Jul-2019 23:02:17.575 信息 [main] org.apache.catalina.startup.VersionLoggerListener.log Command line argument: -Dignore.endorsed.dirs=
11-Jul-2019 23:02:17.576 信息 [main] org.apache.catalina.startup.VersionLoggerListener.log Command line argument: -Dcatalina.base=E:\dubbo-zk-tomcat\dubbo-admin-2.5.8
11-Jul-2019 23:02:17.576 信息 [main] org.apache.catalina.startup.VersionLoggerListener.log Command line argument: -Dcatalina.home=E:\dubbo-zk-tomcat\dubbo-admin-2.5.8
11-Jul-2019 23:02:17.576 信息 [main] org.apache.catalina.startup.VersionLoggerListener.log Command line argument: -Djava.io.tmpdir=E:\dubbo-zk-tomcat\dubbo-admin-2.5.8\temp
11-Jul-2019 23:02:17.576 信息 [main] org.apache.catalina.core.AprLifecycleListener.lifecycleEvent Loaded APR based Apache Tomcat Native library [1.2.16] using APR version [1.6.3].
11-Jul-2019 23:02:17.576 信息 [main] org.apache.catalina.core.AprLifecycleListener.lifecycleEvent APR capabilities: IPv6 [true], sendfile [true], accept filters [false], random [true].
11-Jul-2019 23:02:17.577 信息 [main] org.apache.catalina.core.AprLifecycleListener.lifecycleEvent APR/OpenSSL configuration: useAprConnector [false], useOpenSSL [true]
11-Jul-2019 23:02:18.027 信息 [main] org.apache.catalina.core.AprLifecycleListener.initializeSSL OpenSSL successfully initialized [OpenSSL 1.0.2m  2 Nov 2017]
11-Jul-2019 23:02:18.098 信息 [main] org.apache.coyote.AbstractProtocol.init Initializing ProtocolHandler ["http-nio-8088"]
11-Jul-2019 23:02:18.175 信息 [main] org.apache.tomcat.util.net.NioSelectorPool.getSharedSelector Using a shared selector for servlet write/read
11-Jul-2019 23:02:18.179 信息 [main] org.apache.coyote.AbstractProtocol.init Initializing ProtocolHandler ["ajp-nio-8009"]
11-Jul-2019 23:02:18.181 信息 [main] org.apache.tomcat.util.net.NioSelectorPool.getSharedSelector Using a shared selector for servlet write/read
11-Jul-2019 23:02:18.181 信息 [main] org.apache.catalina.startup.Catalina.load Initialization processed in 816 ms
11-Jul-2019 23:02:18.198 信息 [main] org.apache.catalina.core.StandardService.startInternal Starting service [Catalina]
11-Jul-2019 23:02:18.198 信息 [main] org.apache.catalina.core.StandardEngine.startInternal Starting Servlet Engine: Apache Tomcat/8.5.31
11-Jul-2019 23:02:18.204 信息 [localhost-startStop-1] org.apache.catalina.startup.HostConfig.deployDirectory Deploying web application directory [E:\dubbo-zk-tomcat\dubbo-admin-2.5.8\webapps\docs]
11-Jul-2019 23:02:18.371 信息 [localhost-startStop-1] org.apache.catalina.startup.HostConfig.deployDirectory Deployment of web application directory [E:\dubbo-zk-tomcat\dubbo-admin-2.5.8\webapps\docs] has finished in [167] ms
11-Jul-2019 23:02:18.372 信息 [localhost-startStop-1] org.apache.catalina.startup.HostConfig.deployDirectory Deploying web application directory [E:\dubbo-zk-tomcat\dubbo-admin-2.5.8\webapps\dubbo-admin]
11-Jul-2019 23:02:20.326 信息 [localhost-startStop-1] org.apache.jasper.servlet.TldScanner.scanJars At least one JAR was scanned for TLDs yet contained no TLDs. Enable debug logging for this logger for a complete list of JARs that were scanned but no TLDs were found in them. Skipping unneeded JARs during scanning can improve startup time and JSP compilation time.
11-Jul-2019 23:02:30.011 信息 [localhost-startStop-1] org.apache.catalina.startup.HostConfig.deployDirectory Deployment of web application directory [E:\dubbo-zk-tomcat\dubbo-admin-2.5.8\webapps\dubbo-admin] has finished in [11,639] ms
11-Jul-2019 23:02:30.011 信息 [localhost-startStop-1] org.apache.catalina.startup.HostConfig.deployDirectory Deploying web application directory [E:\dubbo-zk-tomcat\dubbo-admin-2.5.8\webapps\examples]
11-Jul-2019 23:02:30.175 信息 [localhost-startStop-1] org.apache.catalina.startup.HostConfig.deployDirectory Deployment of web application directory [E:\dubbo-zk-tomcat\dubbo-admin-2.5.8\webapps\examples] has finished in [163] ms
11-Jul-2019 23:02:30.175 信息 [localhost-startStop-1] org.apache.catalina.startup.HostConfig.deployDirectory Deploying web application directory [E:\dubbo-zk-tomcat\dubbo-admin-2.5.8\webapps\host-manager]
11-Jul-2019 23:02:30.193 信息 [localhost-startStop-1] org.apache.catalina.startup.HostConfig.deployDirectory Deployment of web application directory [E:\dubbo-zk-tomcat\dubbo-admin-2.5.8\webapps\host-manager] has finished in [18] ms
11-Jul-2019 23:02:30.193 信息 [localhost-startStop-1] org.apache.catalina.startup.HostConfig.deployDirectory Deploying web application directory [E:\dubbo-zk-tomcat\dubbo-admin-2.5.8\webapps\manager]
11-Jul-2019 23:02:30.209 信息 [localhost-startStop-1] org.apache.catalina.startup.HostConfig.deployDirectory Deployment of web application directory [E:\dubbo-zk-tomcat\dubbo-admin-2.5.8\webapps\manager] has finished in [16] ms
11-Jul-2019 23:02:30.209 信息 [localhost-startStop-1] org.apache.catalina.startup.HostConfig.deployDirectory Deploying web application directory [E:\dubbo-zk-tomcat\dubbo-admin-2.5.8\webapps\ROOT]
11-Jul-2019 23:02:30.220 信息 [localhost-startStop-1] org.apache.catalina.startup.HostConfig.deployDirectory Deployment of web application directory [E:\dubbo-zk-tomcat\dubbo-admin-2.5.8\webapps\ROOT] has finished in [10] ms
11-Jul-2019 23:02:30.222 信息 [main] org.apache.coyote.AbstractProtocol.start Starting ProtocolHandler ["http-nio-8088"]
11-Jul-2019 23:02:30.228 信息 [main] org.apache.coyote.AbstractProtocol.start Starting ProtocolHandler ["ajp-nio-8009"]
11-Jul-2019 23:02:30.231 信息 [main] org.apache.catalina.startup.Catalina.start Server startup in 12050 ms
11-Jul-2019 23:02:35.916 信息 [http-nio-8088-exec-3] org.apache.tomcat.util.http.parser.Cookie.logInvalidHeader A cookie header was received [.\.\.\.\.\.com.dubbo.service.UserService..../dubbo-admin/governance/services/com.dubbo.service.UserService/providers"; tmp0=eNpdUE1PwkAQDV9CNEa9ejLEk4GmnxS4NQIBREAqhnLRbXcKq9tu3S0gGn%2BO%2F9MF9eIcZiYzb957me5RsOIc4nQqgF%2Br1YBFCqLERz5S8Mr3mcJhQUTKt4pcRSxWMIsQiZUd%2Fqu0kjlGEZQSJMSGcZznjEIx4IBSxosQI58Czu8ghxgSxNNIahVAUtBCsmQxFKVaiujLAWUBonAqCdckgDEna0JhAVmCSywBvuM7%2BWscjDkIkY%2BIEGf%2FL0SOYPFjAXApYpiEBHAuZpsn6Y6l6gVomq77oYEbUNd83Q7Dhm2Yhl%2FTQ7tmhFZmMrzfQ4cysu%2FLzJWsndfzZ7RGyiolVHE4R1txuS8D%2BZ49Ynjstl23Nxo%2B3o5a7YE6%2ByC4We5PHizP7jTG1e7ItJ3W9M4wvbFpd7x578bRq6bbcyferF9Vy5UgbWpWTa9bllmzdFOvoOB3YBuWVbfVSvTWVD%2Fn3zCXkN8%3D] that contained an invalid cookie. That cookie will be ignored.Note: further occurrences of this error will be logged at DEBUG level.
