15-Jun-2019 08:55:20.751 信息 [main] org.apache.catalina.startup.VersionLoggerListener.log Server version:        Apache Tomcat/8.5.31
15-Jun-2019 08:55:20.755 信息 [main] org.apache.catalina.startup.VersionLoggerListener.log Server built:          Apr 27 2018 20:24:25 UTC
15-Jun-2019 08:55:20.756 信息 [main] org.apache.catalina.startup.VersionLoggerListener.log Server number:         8.5.31.0
15-Jun-2019 08:55:20.756 信息 [main] org.apache.catalina.startup.VersionLoggerListener.log OS Name:               Windows 10
15-Jun-2019 08:55:20.757 信息 [main] org.apache.catalina.startup.VersionLoggerListener.log OS Version:            10.0
15-Jun-2019 08:55:20.757 信息 [main] org.apache.catalina.startup.VersionLoggerListener.log Architecture:          amd64
15-Jun-2019 08:55:20.757 信息 [main] org.apache.catalina.startup.VersionLoggerListener.log Java Home:             D:\coding\jdk1.8\jre
15-Jun-2019 08:55:20.757 信息 [main] org.apache.catalina.startup.VersionLoggerListener.log JVM Version:           1.8.0_131-b11
15-Jun-2019 08:55:20.757 信息 [main] org.apache.catalina.startup.VersionLoggerListener.log JVM Vendor:            Oracle Corporation
15-Jun-2019 08:55:20.757 信息 [main] org.apache.catalina.startup.VersionLoggerListener.log CATALINA_BASE:         D:\app\apache-tomcat-8.5.31
15-Jun-2019 08:55:20.757 信息 [main] org.apache.catalina.startup.VersionLoggerListener.log CATALINA_HOME:         D:\app\apache-tomcat-8.5.31
15-Jun-2019 08:55:20.758 信息 [main] org.apache.catalina.startup.VersionLoggerListener.log Command line argument: -Djava.util.logging.config.file=D:\app\apache-tomcat-8.5.31\conf\logging.properties
15-Jun-2019 08:55:20.758 信息 [main] org.apache.catalina.startup.VersionLoggerListener.log Command line argument: -Djava.util.logging.manager=org.apache.juli.ClassLoaderLogManager
15-Jun-2019 08:55:20.758 信息 [main] org.apache.catalina.startup.VersionLoggerListener.log Command line argument: -Djdk.tls.ephemeralDHKeySize=2048
15-Jun-2019 08:55:20.758 信息 [main] org.apache.catalina.startup.VersionLoggerListener.log Command line argument: -Djava.protocol.handler.pkgs=org.apache.catalina.webresources
15-Jun-2019 08:55:20.758 信息 [main] org.apache.catalina.startup.VersionLoggerListener.log Command line argument: -Dignore.endorsed.dirs=
15-Jun-2019 08:55:20.758 信息 [main] org.apache.catalina.startup.VersionLoggerListener.log Command line argument: -Dcatalina.base=D:\app\apache-tomcat-8.5.31
15-Jun-2019 08:55:20.758 信息 [main] org.apache.catalina.startup.VersionLoggerListener.log Command line argument: -Dcatalina.home=D:\app\apache-tomcat-8.5.31
15-Jun-2019 08:55:20.758 信息 [main] org.apache.catalina.startup.VersionLoggerListener.log Command line argument: -Djava.io.tmpdir=D:\app\apache-tomcat-8.5.31\temp
15-Jun-2019 08:55:20.759 信息 [main] org.apache.catalina.core.AprLifecycleListener.lifecycleEvent Loaded APR based Apache Tomcat Native library [1.2.16] using APR version [1.6.3].
15-Jun-2019 08:55:20.759 信息 [main] org.apache.catalina.core.AprLifecycleListener.lifecycleEvent APR capabilities: IPv6 [true], sendfile [true], accept filters [false], random [true].
15-Jun-2019 08:55:20.759 信息 [main] org.apache.catalina.core.AprLifecycleListener.lifecycleEvent APR/OpenSSL configuration: useAprConnector [false], useOpenSSL [true]
15-Jun-2019 08:55:21.227 信息 [main] org.apache.catalina.core.AprLifecycleListener.initializeSSL OpenSSL successfully initialized [OpenSSL 1.0.2m  2 Nov 2017]
15-Jun-2019 08:55:21.375 信息 [main] org.apache.coyote.AbstractProtocol.init Initializing ProtocolHandler ["http-nio-8080"]
15-Jun-2019 08:55:21.455 信息 [main] org.apache.tomcat.util.net.NioSelectorPool.getSharedSelector Using a shared selector for servlet write/read
15-Jun-2019 08:55:21.459 信息 [main] org.apache.coyote.AbstractProtocol.init Initializing ProtocolHandler ["ajp-nio-8009"]
15-Jun-2019 08:55:21.461 信息 [main] org.apache.tomcat.util.net.NioSelectorPool.getSharedSelector Using a shared selector for servlet write/read
15-Jun-2019 08:55:21.461 信息 [main] org.apache.catalina.startup.Catalina.load Initialization processed in 981 ms
15-Jun-2019 08:55:21.484 信息 [main] org.apache.catalina.core.StandardService.startInternal Starting service [Catalina]
15-Jun-2019 08:55:21.485 信息 [main] org.apache.catalina.core.StandardEngine.startInternal Starting Servlet Engine: Apache Tomcat/8.5.31
15-Jun-2019 08:55:21.493 信息 [localhost-startStop-1] org.apache.catalina.startup.HostConfig.deployDirectory Deploying web application directory [D:\app\apache-tomcat-8.5.31\webapps\docs]
15-Jun-2019 08:55:21.716 信息 [localhost-startStop-1] org.apache.catalina.startup.HostConfig.deployDirectory Deployment of web application directory [D:\app\apache-tomcat-8.5.31\webapps\docs] has finished in [222] ms
15-Jun-2019 08:55:21.716 信息 [localhost-startStop-1] org.apache.catalina.startup.HostConfig.deployDirectory Deploying web application directory [D:\app\apache-tomcat-8.5.31\webapps\dubbo-admin]
15-Jun-2019 08:55:23.782 信息 [localhost-startStop-1] org.apache.jasper.servlet.TldScanner.scanJars At least one JAR was scanned for TLDs yet contained no TLDs. Enable debug logging for this logger for a complete list of JARs that were scanned but no TLDs were found in them. Skipping unneeded JARs during scanning can improve startup time and JSP compilation time.
15-Jun-2019 08:55:33.855 信息 [localhost-startStop-1] org.apache.catalina.startup.HostConfig.deployDirectory Deployment of web application directory [D:\app\apache-tomcat-8.5.31\webapps\dubbo-admin] has finished in [12,139] ms
15-Jun-2019 08:55:33.855 信息 [localhost-startStop-1] org.apache.catalina.startup.HostConfig.deployDirectory Deploying web application directory [D:\app\apache-tomcat-8.5.31\webapps\examples]
15-Jun-2019 08:55:34.018 信息 [localhost-startStop-1] org.apache.catalina.startup.HostConfig.deployDirectory Deployment of web application directory [D:\app\apache-tomcat-8.5.31\webapps\examples] has finished in [162] ms
15-Jun-2019 08:55:34.018 信息 [localhost-startStop-1] org.apache.catalina.startup.HostConfig.deployDirectory Deploying web application directory [D:\app\apache-tomcat-8.5.31\webapps\host-manager]
15-Jun-2019 08:55:34.040 信息 [localhost-startStop-1] org.apache.catalina.startup.HostConfig.deployDirectory Deployment of web application directory [D:\app\apache-tomcat-8.5.31\webapps\host-manager] has finished in [21] ms
15-Jun-2019 08:55:34.040 信息 [localhost-startStop-1] org.apache.catalina.startup.HostConfig.deployDirectory Deploying web application directory [D:\app\apache-tomcat-8.5.31\webapps\manager]
15-Jun-2019 08:55:34.056 信息 [localhost-startStop-1] org.apache.catalina.startup.HostConfig.deployDirectory Deployment of web application directory [D:\app\apache-tomcat-8.5.31\webapps\manager] has finished in [16] ms
15-Jun-2019 08:55:34.056 信息 [localhost-startStop-1] org.apache.catalina.startup.HostConfig.deployDirectory Deploying web application directory [D:\app\apache-tomcat-8.5.31\webapps\ROOT]
15-Jun-2019 08:55:34.066 信息 [localhost-startStop-1] org.apache.catalina.startup.HostConfig.deployDirectory Deployment of web application directory [D:\app\apache-tomcat-8.5.31\webapps\ROOT] has finished in [10] ms
15-Jun-2019 08:55:34.072 信息 [main] org.apache.coyote.AbstractProtocol.start Starting ProtocolHandler ["http-nio-8080"]
15-Jun-2019 08:55:34.080 信息 [main] org.apache.coyote.AbstractProtocol.start Starting ProtocolHandler ["ajp-nio-8009"]
15-Jun-2019 08:55:34.081 信息 [main] org.apache.catalina.startup.Catalina.start Server startup in 12619 ms
