20-Jun-2019 21:19:21.278 信息 [main] org.apache.catalina.startup.VersionLoggerListener.log Server version:        Apache Tomcat/8.5.31
20-Jun-2019 21:19:21.281 信息 [main] org.apache.catalina.startup.VersionLoggerListener.log Server built:          Apr 27 2018 20:24:25 UTC
20-Jun-2019 21:19:21.283 信息 [main] org.apache.catalina.startup.VersionLoggerListener.log Server number:         8.5.31.0
20-Jun-2019 21:19:21.283 信息 [main] org.apache.catalina.startup.VersionLoggerListener.log OS Name:               Windows 10
20-Jun-2019 21:19:21.283 信息 [main] org.apache.catalina.startup.VersionLoggerListener.log OS Version:            10.0
20-Jun-2019 21:19:21.284 信息 [main] org.apache.catalina.startup.VersionLoggerListener.log Architecture:          amd64
20-Jun-2019 21:19:21.284 信息 [main] org.apache.catalina.startup.VersionLoggerListener.log Java Home:             D:\coding\jdk1.8\jre
20-Jun-2019 21:19:21.284 信息 [main] org.apache.catalina.startup.VersionLoggerListener.log JVM Version:           1.8.0_131-b11
20-Jun-2019 21:19:21.284 信息 [main] org.apache.catalina.startup.VersionLoggerListener.log JVM Vendor:            Oracle Corporation
20-Jun-2019 21:19:21.284 信息 [main] org.apache.catalina.startup.VersionLoggerListener.log CATALINA_BASE:         D:\app\apache-tomcat-8.5.31
20-Jun-2019 21:19:21.284 信息 [main] org.apache.catalina.startup.VersionLoggerListener.log CATALINA_HOME:         D:\app\apache-tomcat-8.5.31
20-Jun-2019 21:19:21.284 信息 [main] org.apache.catalina.startup.VersionLoggerListener.log Command line argument: -Djava.util.logging.config.file=D:\app\apache-tomcat-8.5.31\conf\logging.properties
20-Jun-2019 21:19:21.285 信息 [main] org.apache.catalina.startup.VersionLoggerListener.log Command line argument: -Djava.util.logging.manager=org.apache.juli.ClassLoaderLogManager
20-Jun-2019 21:19:21.285 信息 [main] org.apache.catalina.startup.VersionLoggerListener.log Command line argument: -Djdk.tls.ephemeralDHKeySize=2048
20-Jun-2019 21:19:21.285 信息 [main] org.apache.catalina.startup.VersionLoggerListener.log Command line argument: -Djava.protocol.handler.pkgs=org.apache.catalina.webresources
20-Jun-2019 21:19:21.285 信息 [main] org.apache.catalina.startup.VersionLoggerListener.log Command line argument: -Dignore.endorsed.dirs=
20-Jun-2019 21:19:21.285 信息 [main] org.apache.catalina.startup.VersionLoggerListener.log Command line argument: -Dcatalina.base=D:\app\apache-tomcat-8.5.31
20-Jun-2019 21:19:21.286 信息 [main] org.apache.catalina.startup.VersionLoggerListener.log Command line argument: -Dcatalina.home=D:\app\apache-tomcat-8.5.31
20-Jun-2019 21:19:21.286 信息 [main] org.apache.catalina.startup.VersionLoggerListener.log Command line argument: -Djava.io.tmpdir=D:\app\apache-tomcat-8.5.31\temp
20-Jun-2019 21:19:21.287 信息 [main] org.apache.catalina.core.AprLifecycleListener.lifecycleEvent Loaded APR based Apache Tomcat Native library [1.2.16] using APR version [1.6.3].
20-Jun-2019 21:19:21.287 信息 [main] org.apache.catalina.core.AprLifecycleListener.lifecycleEvent APR capabilities: IPv6 [true], sendfile [true], accept filters [false], random [true].
20-Jun-2019 21:19:21.287 信息 [main] org.apache.catalina.core.AprLifecycleListener.lifecycleEvent APR/OpenSSL configuration: useAprConnector [false], useOpenSSL [true]
20-Jun-2019 21:19:21.732 信息 [main] org.apache.catalina.core.AprLifecycleListener.initializeSSL OpenSSL successfully initialized [OpenSSL 1.0.2m  2 Nov 2017]
20-Jun-2019 21:19:21.805 信息 [main] org.apache.coyote.AbstractProtocol.init Initializing ProtocolHandler ["http-nio-8080"]
20-Jun-2019 21:19:21.885 信息 [main] org.apache.tomcat.util.net.NioSelectorPool.getSharedSelector Using a shared selector for servlet write/read
20-Jun-2019 21:19:21.890 信息 [main] org.apache.coyote.AbstractProtocol.init Initializing ProtocolHandler ["ajp-nio-8009"]
20-Jun-2019 21:19:21.891 信息 [main] org.apache.tomcat.util.net.NioSelectorPool.getSharedSelector Using a shared selector for servlet write/read
20-Jun-2019 21:19:21.892 信息 [main] org.apache.catalina.startup.Catalina.load Initialization processed in 856 ms
20-Jun-2019 21:19:21.910 信息 [main] org.apache.catalina.core.StandardService.startInternal Starting service [Catalina]
20-Jun-2019 21:19:21.910 信息 [main] org.apache.catalina.core.StandardEngine.startInternal Starting Servlet Engine: Apache Tomcat/8.5.31
20-Jun-2019 21:19:21.924 信息 [localhost-startStop-1] org.apache.catalina.startup.HostConfig.deployWAR Deploying web application archive [D:\app\apache-tomcat-8.5.31\webapps\ssm.war]
20-Jun-2019 21:19:23.207 信息 [localhost-startStop-1] org.apache.jasper.servlet.TldScanner.scanJars At least one JAR was scanned for TLDs yet contained no TLDs. Enable debug logging for this logger for a complete list of JARs that were scanned but no TLDs were found in them. Skipping unneeded JARs during scanning can improve startup time and JSP compilation time.
20-Jun-2019 21:19:24.227 严重 [localhost-startStop-1] org.apache.catalina.core.StandardContext.startInternal One or more listeners failed to start. Full details will be found in the appropriate container log file
20-Jun-2019 21:19:24.228 严重 [localhost-startStop-1] org.apache.catalina.core.StandardContext.startInternal Context [/ssm] startup failed due to previous errors
20-Jun-2019 21:19:24.239 信息 [localhost-startStop-1] org.apache.catalina.startup.HostConfig.deployWAR Deployment of web application archive [D:\app\apache-tomcat-8.5.31\webapps\ssm.war] has finished in [2,314] ms
20-Jun-2019 21:19:24.240 信息 [localhost-startStop-1] org.apache.catalina.startup.HostConfig.deployDirectory Deploying web application directory [D:\app\apache-tomcat-8.5.31\webapps\docs]
20-Jun-2019 21:19:24.264 信息 [localhost-startStop-1] org.apache.catalina.startup.HostConfig.deployDirectory Deployment of web application directory [D:\app\apache-tomcat-8.5.31\webapps\docs] has finished in [25] ms
20-Jun-2019 21:19:24.265 信息 [localhost-startStop-1] org.apache.catalina.startup.HostConfig.deployDirectory Deploying web application directory [D:\app\apache-tomcat-8.5.31\webapps\dubbo-admin]
