16-Jun-2019 11:45:57.829 信息 [main] org.apache.catalina.startup.VersionLoggerListener.log Server version:        Apache Tomcat/8.5.31
16-Jun-2019 11:45:57.832 信息 [main] org.apache.catalina.startup.VersionLoggerListener.log Server built:          Apr 27 2018 20:24:25 UTC
16-Jun-2019 11:45:57.832 信息 [main] org.apache.catalina.startup.VersionLoggerListener.log Server number:         8.5.31.0
16-Jun-2019 11:45:57.832 信息 [main] org.apache.catalina.startup.VersionLoggerListener.log OS Name:               Windows 10
16-Jun-2019 11:45:57.832 信息 [main] org.apache.catalina.startup.VersionLoggerListener.log OS Version:            10.0
16-Jun-2019 11:45:57.832 信息 [main] org.apache.catalina.startup.VersionLoggerListener.log Architecture:          amd64
16-Jun-2019 11:45:57.833 信息 [main] org.apache.catalina.startup.VersionLoggerListener.log Java Home:             D:\coding\jdk1.8\jre
16-Jun-2019 11:45:57.833 信息 [main] org.apache.catalina.startup.VersionLoggerListener.log JVM Version:           1.8.0_131-b11
16-Jun-2019 11:45:57.833 信息 [main] org.apache.catalina.startup.VersionLoggerListener.log JVM Vendor:            Oracle Corporation
16-Jun-2019 11:45:57.833 信息 [main] org.apache.catalina.startup.VersionLoggerListener.log CATALINA_BASE:         D:\app\apache-tomcat-8.5.31
16-Jun-2019 11:45:57.833 信息 [main] org.apache.catalina.startup.VersionLoggerListener.log CATALINA_HOME:         D:\app\apache-tomcat-8.5.31
16-Jun-2019 11:45:57.833 信息 [main] org.apache.catalina.startup.VersionLoggerListener.log Command line argument: -Djava.util.logging.config.file=D:\app\apache-tomcat-8.5.31\conf\logging.properties
16-Jun-2019 11:45:57.833 信息 [main] org.apache.catalina.startup.VersionLoggerListener.log Command line argument: -Djava.util.logging.manager=org.apache.juli.ClassLoaderLogManager
16-Jun-2019 11:45:57.833 信息 [main] org.apache.catalina.startup.VersionLoggerListener.log Command line argument: -Djdk.tls.ephemeralDHKeySize=2048
16-Jun-2019 11:45:57.833 信息 [main] org.apache.catalina.startup.VersionLoggerListener.log Command line argument: -Djava.protocol.handler.pkgs=org.apache.catalina.webresources
16-Jun-2019 11:45:57.834 信息 [main] org.apache.catalina.startup.VersionLoggerListener.log Command line argument: -Dignore.endorsed.dirs=
16-Jun-2019 11:45:57.834 信息 [main] org.apache.catalina.startup.VersionLoggerListener.log Command line argument: -Dcatalina.base=D:\app\apache-tomcat-8.5.31
16-Jun-2019 11:45:57.834 信息 [main] org.apache.catalina.startup.VersionLoggerListener.log Command line argument: -Dcatalina.home=D:\app\apache-tomcat-8.5.31
16-Jun-2019 11:45:57.834 信息 [main] org.apache.catalina.startup.VersionLoggerListener.log Command line argument: -Djava.io.tmpdir=D:\app\apache-tomcat-8.5.31\temp
16-Jun-2019 11:45:57.834 信息 [main] org.apache.catalina.core.AprLifecycleListener.lifecycleEvent Loaded APR based Apache Tomcat Native library [1.2.16] using APR version [1.6.3].
16-Jun-2019 11:45:57.834 信息 [main] org.apache.catalina.core.AprLifecycleListener.lifecycleEvent APR capabilities: IPv6 [true], sendfile [true], accept filters [false], random [true].
16-Jun-2019 11:45:57.835 信息 [main] org.apache.catalina.core.AprLifecycleListener.lifecycleEvent APR/OpenSSL configuration: useAprConnector [false], useOpenSSL [true]
16-Jun-2019 11:45:58.336 信息 [main] org.apache.catalina.core.AprLifecycleListener.initializeSSL OpenSSL successfully initialized [OpenSSL 1.0.2m  2 Nov 2017]
16-Jun-2019 11:45:58.411 信息 [main] org.apache.coyote.AbstractProtocol.init Initializing ProtocolHandler ["http-nio-8080"]
16-Jun-2019 11:45:58.489 信息 [main] org.apache.tomcat.util.net.NioSelectorPool.getSharedSelector Using a shared selector for servlet write/read
16-Jun-2019 11:45:58.493 信息 [main] org.apache.coyote.AbstractProtocol.init Initializing ProtocolHandler ["ajp-nio-8009"]
16-Jun-2019 11:45:58.494 信息 [main] org.apache.tomcat.util.net.NioSelectorPool.getSharedSelector Using a shared selector for servlet write/read
16-Jun-2019 11:45:58.494 信息 [main] org.apache.catalina.startup.Catalina.load Initialization processed in 901 ms
16-Jun-2019 11:45:58.513 信息 [main] org.apache.catalina.core.StandardService.startInternal Starting service [Catalina]
16-Jun-2019 11:45:58.513 信息 [main] org.apache.catalina.core.StandardEngine.startInternal Starting Servlet Engine: Apache Tomcat/8.5.31
16-Jun-2019 11:45:58.519 信息 [localhost-startStop-1] org.apache.catalina.startup.HostConfig.deployDirectory Deploying web application directory [D:\app\apache-tomcat-8.5.31\webapps\docs]
16-Jun-2019 11:45:58.700 信息 [localhost-startStop-1] org.apache.catalina.startup.HostConfig.deployDirectory Deployment of web application directory [D:\app\apache-tomcat-8.5.31\webapps\docs] has finished in [180] ms
16-Jun-2019 11:45:58.700 信息 [localhost-startStop-1] org.apache.catalina.startup.HostConfig.deployDirectory Deploying web application directory [D:\app\apache-tomcat-8.5.31\webapps\dubbo-admin]
16-Jun-2019 11:46:00.990 信息 [localhost-startStop-1] org.apache.jasper.servlet.TldScanner.scanJars At least one JAR was scanned for TLDs yet contained no TLDs. Enable debug logging for this logger for a complete list of JARs that were scanned but no TLDs were found in them. Skipping unneeded JARs during scanning can improve startup time and JSP compilation time.
16-Jun-2019 11:46:08.169 信息 [localhost-startStop-1] org.apache.catalina.startup.HostConfig.deployDirectory Deployment of web application directory [D:\app\apache-tomcat-8.5.31\webapps\dubbo-admin] has finished in [9,468] ms
16-Jun-2019 11:46:08.169 信息 [localhost-startStop-1] org.apache.catalina.startup.HostConfig.deployDirectory Deploying web application directory [D:\app\apache-tomcat-8.5.31\webapps\examples]
16-Jun-2019 11:46:08.376 信息 [localhost-startStop-1] org.apache.catalina.startup.HostConfig.deployDirectory Deployment of web application directory [D:\app\apache-tomcat-8.5.31\webapps\examples] has finished in [207] ms
16-Jun-2019 11:46:08.376 信息 [localhost-startStop-1] org.apache.catalina.startup.HostConfig.deployDirectory Deploying web application directory [D:\app\apache-tomcat-8.5.31\webapps\host-manager]
16-Jun-2019 11:46:08.398 信息 [localhost-startStop-1] org.apache.catalina.startup.HostConfig.deployDirectory Deployment of web application directory [D:\app\apache-tomcat-8.5.31\webapps\host-manager] has finished in [21] ms
16-Jun-2019 11:46:08.398 信息 [localhost-startStop-1] org.apache.catalina.startup.HostConfig.deployDirectory Deploying web application directory [D:\app\apache-tomcat-8.5.31\webapps\manager]
16-Jun-2019 11:46:08.416 信息 [localhost-startStop-1] org.apache.catalina.startup.HostConfig.deployDirectory Deployment of web application directory [D:\app\apache-tomcat-8.5.31\webapps\manager] has finished in [18] ms
16-Jun-2019 11:46:08.416 信息 [localhost-startStop-1] org.apache.catalina.startup.HostConfig.deployDirectory Deploying web application directory [D:\app\apache-tomcat-8.5.31\webapps\ROOT]
16-Jun-2019 11:46:08.428 信息 [localhost-startStop-1] org.apache.catalina.startup.HostConfig.deployDirectory Deployment of web application directory [D:\app\apache-tomcat-8.5.31\webapps\ROOT] has finished in [12] ms
16-Jun-2019 11:46:08.431 信息 [main] org.apache.coyote.AbstractProtocol.start Starting ProtocolHandler ["http-nio-8080"]
16-Jun-2019 11:46:08.437 信息 [main] org.apache.coyote.AbstractProtocol.start Starting ProtocolHandler ["ajp-nio-8009"]
16-Jun-2019 11:46:08.440 信息 [main] org.apache.catalina.startup.Catalina.start Server startup in 9945 ms
16-Jun-2019 11:53:12.265 信息 [main] org.apache.catalina.core.StandardServer.await A valid shutdown command was received via the shutdown port. Stopping the Server instance.
16-Jun-2019 11:53:19.165 信息 [main] org.apache.catalina.startup.VersionLoggerListener.log Server version:        Apache Tomcat/8.5.31
16-Jun-2019 11:53:19.168 信息 [main] org.apache.catalina.startup.VersionLoggerListener.log Server built:          Apr 27 2018 20:24:25 UTC
16-Jun-2019 11:53:19.168 信息 [main] org.apache.catalina.startup.VersionLoggerListener.log Server number:         8.5.31.0
16-Jun-2019 11:53:19.168 信息 [main] org.apache.catalina.startup.VersionLoggerListener.log OS Name:               Windows 10
16-Jun-2019 11:53:19.168 信息 [main] org.apache.catalina.startup.VersionLoggerListener.log OS Version:            10.0
16-Jun-2019 11:53:19.169 信息 [main] org.apache.catalina.startup.VersionLoggerListener.log Architecture:          amd64
16-Jun-2019 11:53:19.169 信息 [main] org.apache.catalina.startup.VersionLoggerListener.log Java Home:             D:\coding\jdk1.8\jre
16-Jun-2019 11:53:19.169 信息 [main] org.apache.catalina.startup.VersionLoggerListener.log JVM Version:           1.8.0_131-b11
16-Jun-2019 11:53:19.169 信息 [main] org.apache.catalina.startup.VersionLoggerListener.log JVM Vendor:            Oracle Corporation
16-Jun-2019 11:53:19.169 信息 [main] org.apache.catalina.startup.VersionLoggerListener.log CATALINA_BASE:         D:\app\apache-tomcat-8.5.31
16-Jun-2019 11:53:19.169 信息 [main] org.apache.catalina.startup.VersionLoggerListener.log CATALINA_HOME:         D:\app\apache-tomcat-8.5.31
16-Jun-2019 11:53:19.169 信息 [main] org.apache.catalina.startup.VersionLoggerListener.log Command line argument: -Djava.util.logging.config.file=D:\app\apache-tomcat-8.5.31\conf\logging.properties
16-Jun-2019 11:53:19.169 信息 [main] org.apache.catalina.startup.VersionLoggerListener.log Command line argument: -Djava.util.logging.manager=org.apache.juli.ClassLoaderLogManager
16-Jun-2019 11:53:19.169 信息 [main] org.apache.catalina.startup.VersionLoggerListener.log Command line argument: -Djdk.tls.ephemeralDHKeySize=2048
16-Jun-2019 11:53:19.169 信息 [main] org.apache.catalina.startup.VersionLoggerListener.log Command line argument: -Djava.protocol.handler.pkgs=org.apache.catalina.webresources
16-Jun-2019 11:53:19.170 信息 [main] org.apache.catalina.startup.VersionLoggerListener.log Command line argument: -Dignore.endorsed.dirs=
16-Jun-2019 11:53:19.170 信息 [main] org.apache.catalina.startup.VersionLoggerListener.log Command line argument: -Dcatalina.base=D:\app\apache-tomcat-8.5.31
16-Jun-2019 11:53:19.170 信息 [main] org.apache.catalina.startup.VersionLoggerListener.log Command line argument: -Dcatalina.home=D:\app\apache-tomcat-8.5.31
16-Jun-2019 11:53:19.170 信息 [main] org.apache.catalina.startup.VersionLoggerListener.log Command line argument: -Djava.io.tmpdir=D:\app\apache-tomcat-8.5.31\temp
16-Jun-2019 11:53:19.170 信息 [main] org.apache.catalina.core.AprLifecycleListener.lifecycleEvent Loaded APR based Apache Tomcat Native library [1.2.16] using APR version [1.6.3].
16-Jun-2019 11:53:19.171 信息 [main] org.apache.catalina.core.AprLifecycleListener.lifecycleEvent APR capabilities: IPv6 [true], sendfile [true], accept filters [false], random [true].
16-Jun-2019 11:53:19.171 信息 [main] org.apache.catalina.core.AprLifecycleListener.lifecycleEvent APR/OpenSSL configuration: useAprConnector [false], useOpenSSL [true]
16-Jun-2019 11:53:19.635 信息 [main] org.apache.catalina.core.AprLifecycleListener.initializeSSL OpenSSL successfully initialized [OpenSSL 1.0.2m  2 Nov 2017]
16-Jun-2019 11:53:19.708 信息 [main] org.apache.coyote.AbstractProtocol.init Initializing ProtocolHandler ["http-nio-8080"]
16-Jun-2019 11:53:19.786 信息 [main] org.apache.tomcat.util.net.NioSelectorPool.getSharedSelector Using a shared selector for servlet write/read
16-Jun-2019 11:53:19.790 信息 [main] org.apache.coyote.AbstractProtocol.init Initializing ProtocolHandler ["ajp-nio-8009"]
16-Jun-2019 11:53:19.791 信息 [main] org.apache.tomcat.util.net.NioSelectorPool.getSharedSelector Using a shared selector for servlet write/read
16-Jun-2019 11:53:19.791 信息 [main] org.apache.catalina.startup.Catalina.load Initialization processed in 842 ms
16-Jun-2019 11:53:19.809 信息 [main] org.apache.catalina.core.StandardService.startInternal Starting service [Catalina]
16-Jun-2019 11:53:19.809 信息 [main] org.apache.catalina.core.StandardEngine.startInternal Starting Servlet Engine: Apache Tomcat/8.5.31
16-Jun-2019 11:53:19.815 信息 [localhost-startStop-1] org.apache.catalina.startup.HostConfig.deployDirectory Deploying web application directory [D:\app\apache-tomcat-8.5.31\webapps\docs]
16-Jun-2019 11:53:19.983 信息 [localhost-startStop-1] org.apache.catalina.startup.HostConfig.deployDirectory Deployment of web application directory [D:\app\apache-tomcat-8.5.31\webapps\docs] has finished in [168] ms
16-Jun-2019 11:53:19.984 信息 [localhost-startStop-1] org.apache.catalina.startup.HostConfig.deployDirectory Deploying web application directory [D:\app\apache-tomcat-8.5.31\webapps\dubbo-admin]
16-Jun-2019 11:53:21.910 信息 [localhost-startStop-1] org.apache.jasper.servlet.TldScanner.scanJars At least one JAR was scanned for TLDs yet contained no TLDs. Enable debug logging for this logger for a complete list of JARs that were scanned but no TLDs were found in them. Skipping unneeded JARs during scanning can improve startup time and JSP compilation time.
16-Jun-2019 11:54:14.950 信息 [localhost-startStop-1] org.apache.catalina.startup.HostConfig.deployDirectory Deployment of web application directory [D:\app\apache-tomcat-8.5.31\webapps\dubbo-admin] has finished in [54,965] ms
16-Jun-2019 11:54:14.950 信息 [localhost-startStop-1] org.apache.catalina.startup.HostConfig.deployDirectory Deploying web application directory [D:\app\apache-tomcat-8.5.31\webapps\examples]
16-Jun-2019 11:54:15.104 信息 [localhost-startStop-1] org.apache.catalina.startup.HostConfig.deployDirectory Deployment of web application directory [D:\app\apache-tomcat-8.5.31\webapps\examples] has finished in [154] ms
16-Jun-2019 11:54:15.104 信息 [localhost-startStop-1] org.apache.catalina.startup.HostConfig.deployDirectory Deploying web application directory [D:\app\apache-tomcat-8.5.31\webapps\host-manager]
16-Jun-2019 11:54:15.121 信息 [localhost-startStop-1] org.apache.catalina.startup.HostConfig.deployDirectory Deployment of web application directory [D:\app\apache-tomcat-8.5.31\webapps\host-manager] has finished in [17] ms
16-Jun-2019 11:54:15.121 信息 [localhost-startStop-1] org.apache.catalina.startup.HostConfig.deployDirectory Deploying web application directory [D:\app\apache-tomcat-8.5.31\webapps\manager]
16-Jun-2019 11:54:15.135 信息 [localhost-startStop-1] org.apache.catalina.startup.HostConfig.deployDirectory Deployment of web application directory [D:\app\apache-tomcat-8.5.31\webapps\manager] has finished in [14] ms
16-Jun-2019 11:54:15.136 信息 [localhost-startStop-1] org.apache.catalina.startup.HostConfig.deployDirectory Deploying web application directory [D:\app\apache-tomcat-8.5.31\webapps\ROOT]
16-Jun-2019 11:54:15.146 信息 [localhost-startStop-1] org.apache.catalina.startup.HostConfig.deployDirectory Deployment of web application directory [D:\app\apache-tomcat-8.5.31\webapps\ROOT] has finished in [10] ms
16-Jun-2019 11:54:15.149 信息 [main] org.apache.coyote.AbstractProtocol.start Starting ProtocolHandler ["http-nio-8080"]
16-Jun-2019 11:54:15.155 信息 [main] org.apache.coyote.AbstractProtocol.start Starting ProtocolHandler ["ajp-nio-8009"]
16-Jun-2019 11:54:15.158 信息 [main] org.apache.catalina.startup.Catalina.start Server startup in 55365 ms
16-Jun-2019 12:02:55.205 严重 [main] org.apache.catalina.startup.Catalina.stopServer Could not contact [localhost:[8005]]. Tomcat may not be running.
16-Jun-2019 12:02:56.853 信息 [main] org.apache.catalina.startup.VersionLoggerListener.log Server version:        Apache Tomcat/8.5.31
16-Jun-2019 12:02:56.869 信息 [main] org.apache.catalina.startup.VersionLoggerListener.log Server built:          Apr 27 2018 20:24:25 UTC
16-Jun-2019 12:02:56.869 信息 [main] org.apache.catalina.startup.VersionLoggerListener.log Server number:         8.5.31.0
16-Jun-2019 12:02:56.869 信息 [main] org.apache.catalina.startup.VersionLoggerListener.log OS Name:               Windows 10
16-Jun-2019 12:02:56.869 信息 [main] org.apache.catalina.startup.VersionLoggerListener.log OS Version:            10.0
16-Jun-2019 12:02:56.869 信息 [main] org.apache.catalina.startup.VersionLoggerListener.log Architecture:          amd64
16-Jun-2019 12:02:56.869 信息 [main] org.apache.catalina.startup.VersionLoggerListener.log Java Home:             D:\coding\jdk1.8\jre
16-Jun-2019 12:02:56.869 信息 [main] org.apache.catalina.startup.VersionLoggerListener.log JVM Version:           1.8.0_131-b11
16-Jun-2019 12:02:56.869 信息 [main] org.apache.catalina.startup.VersionLoggerListener.log JVM Vendor:            Oracle Corporation
16-Jun-2019 12:02:56.869 信息 [main] org.apache.catalina.startup.VersionLoggerListener.log CATALINA_BASE:         D:\app\apache-tomcat-8.5.31
16-Jun-2019 12:02:56.869 信息 [main] org.apache.catalina.startup.VersionLoggerListener.log CATALINA_HOME:         D:\app\apache-tomcat-8.5.31
16-Jun-2019 12:02:56.869 信息 [main] org.apache.catalina.startup.VersionLoggerListener.log Command line argument: -Djava.util.logging.config.file=D:\app\apache-tomcat-8.5.31\conf\logging.properties
16-Jun-2019 12:02:56.869 信息 [main] org.apache.catalina.startup.VersionLoggerListener.log Command line argument: -Djava.util.logging.manager=org.apache.juli.ClassLoaderLogManager
16-Jun-2019 12:02:56.869 信息 [main] org.apache.catalina.startup.VersionLoggerListener.log Command line argument: -Djdk.tls.ephemeralDHKeySize=2048
16-Jun-2019 12:02:56.869 信息 [main] org.apache.catalina.startup.VersionLoggerListener.log Command line argument: -Djava.protocol.handler.pkgs=org.apache.catalina.webresources
16-Jun-2019 12:02:56.869 信息 [main] org.apache.catalina.startup.VersionLoggerListener.log Command line argument: -Dignore.endorsed.dirs=
16-Jun-2019 12:02:56.869 信息 [main] org.apache.catalina.startup.VersionLoggerListener.log Command line argument: -Dcatalina.base=D:\app\apache-tomcat-8.5.31
16-Jun-2019 12:02:56.869 信息 [main] org.apache.catalina.startup.VersionLoggerListener.log Command line argument: -Dcatalina.home=D:\app\apache-tomcat-8.5.31
16-Jun-2019 12:02:56.869 信息 [main] org.apache.catalina.startup.VersionLoggerListener.log Command line argument: -Djava.io.tmpdir=D:\app\apache-tomcat-8.5.31\temp
16-Jun-2019 12:02:56.869 信息 [main] org.apache.catalina.core.AprLifecycleListener.lifecycleEvent Loaded APR based Apache Tomcat Native library [1.2.16] using APR version [1.6.3].
16-Jun-2019 12:02:56.869 信息 [main] org.apache.catalina.core.AprLifecycleListener.lifecycleEvent APR capabilities: IPv6 [true], sendfile [true], accept filters [false], random [true].
16-Jun-2019 12:02:56.869 信息 [main] org.apache.catalina.core.AprLifecycleListener.lifecycleEvent APR/OpenSSL configuration: useAprConnector [false], useOpenSSL [true]
16-Jun-2019 12:02:57.330 信息 [main] org.apache.catalina.core.AprLifecycleListener.initializeSSL OpenSSL successfully initialized [OpenSSL 1.0.2m  2 Nov 2017]
16-Jun-2019 12:02:57.405 信息 [main] org.apache.coyote.AbstractProtocol.init Initializing ProtocolHandler ["http-nio-8080"]
16-Jun-2019 12:02:57.486 信息 [main] org.apache.tomcat.util.net.NioSelectorPool.getSharedSelector Using a shared selector for servlet write/read
16-Jun-2019 12:02:57.490 信息 [main] org.apache.coyote.AbstractProtocol.init Initializing ProtocolHandler ["ajp-nio-8009"]
16-Jun-2019 12:02:57.503 信息 [main] org.apache.tomcat.util.net.NioSelectorPool.getSharedSelector Using a shared selector for servlet write/read
16-Jun-2019 12:02:57.503 信息 [main] org.apache.catalina.startup.Catalina.load Initialization processed in 860 ms
16-Jun-2019 12:02:57.520 信息 [main] org.apache.catalina.core.StandardService.startInternal Starting service [Catalina]
16-Jun-2019 12:02:57.521 信息 [main] org.apache.catalina.core.StandardEngine.startInternal Starting Servlet Engine: Apache Tomcat/8.5.31
16-Jun-2019 12:02:57.527 信息 [localhost-startStop-1] org.apache.catalina.startup.HostConfig.deployDirectory Deploying web application directory [D:\app\apache-tomcat-8.5.31\webapps\docs]
16-Jun-2019 12:02:57.694 信息 [localhost-startStop-1] org.apache.catalina.startup.HostConfig.deployDirectory Deployment of web application directory [D:\app\apache-tomcat-8.5.31\webapps\docs] has finished in [166] ms
16-Jun-2019 12:02:57.694 信息 [localhost-startStop-1] org.apache.catalina.startup.HostConfig.deployDirectory Deploying web application directory [D:\app\apache-tomcat-8.5.31\webapps\dubbo-admin]
16-Jun-2019 12:02:59.830 信息 [localhost-startStop-1] org.apache.jasper.servlet.TldScanner.scanJars At least one JAR was scanned for TLDs yet contained no TLDs. Enable debug logging for this logger for a complete list of JARs that were scanned but no TLDs were found in them. Skipping unneeded JARs during scanning can improve startup time and JSP compilation time.
16-Jun-2019 12:04:08.122 信息 [localhost-startStop-1] org.apache.catalina.startup.HostConfig.deployDirectory Deployment of web application directory [D:\app\apache-tomcat-8.5.31\webapps\dubbo-admin] has finished in [70,428] ms
16-Jun-2019 12:04:08.122 信息 [localhost-startStop-1] org.apache.catalina.startup.HostConfig.deployDirectory Deploying web application directory [D:\app\apache-tomcat-8.5.31\webapps\examples]
16-Jun-2019 12:04:08.269 信息 [localhost-startStop-1] org.apache.catalina.startup.HostConfig.deployDirectory Deployment of web application directory [D:\app\apache-tomcat-8.5.31\webapps\examples] has finished in [147] ms
16-Jun-2019 12:04:08.270 信息 [localhost-startStop-1] org.apache.catalina.startup.HostConfig.deployDirectory Deploying web application directory [D:\app\apache-tomcat-8.5.31\webapps\host-manager]
16-Jun-2019 12:04:08.287 信息 [localhost-startStop-1] org.apache.catalina.startup.HostConfig.deployDirectory Deployment of web application directory [D:\app\apache-tomcat-8.5.31\webapps\host-manager] has finished in [18] ms
16-Jun-2019 12:04:08.287 信息 [localhost-startStop-1] org.apache.catalina.startup.HostConfig.deployDirectory Deploying web application directory [D:\app\apache-tomcat-8.5.31\webapps\manager]
16-Jun-2019 12:04:08.300 信息 [localhost-startStop-1] org.apache.catalina.startup.HostConfig.deployDirectory Deployment of web application directory [D:\app\apache-tomcat-8.5.31\webapps\manager] has finished in [13] ms
16-Jun-2019 12:04:08.300 信息 [localhost-startStop-1] org.apache.catalina.startup.HostConfig.deployDirectory Deploying web application directory [D:\app\apache-tomcat-8.5.31\webapps\ROOT]
16-Jun-2019 12:04:08.311 信息 [localhost-startStop-1] org.apache.catalina.startup.HostConfig.deployDirectory Deployment of web application directory [D:\app\apache-tomcat-8.5.31\webapps\ROOT] has finished in [11] ms
16-Jun-2019 12:04:08.314 信息 [main] org.apache.coyote.AbstractProtocol.start Starting ProtocolHandler ["http-nio-8080"]
16-Jun-2019 12:04:08.319 信息 [main] org.apache.coyote.AbstractProtocol.start Starting ProtocolHandler ["ajp-nio-8009"]
16-Jun-2019 12:04:08.321 信息 [main] org.apache.catalina.startup.Catalina.start Server startup in 70818 ms
16-Jun-2019 13:40:24.331 信息 [http-nio-8080-exec-4] org.apache.tomcat.util.http.parser.Cookie.logInvalidHeader A cookie header was received [.\.\.\.\.\.yjb.provider.service.DubboServiceProvider..../dubbo-admin/governance/services/yjb.provider.service.DubboServiceProvider/providers"; tmp0=eNpdUE1PwkAQDQhCNEa9ejLEk4GmH7S13BAh0PAlBRUuuu1OYXXbrbsFROPP8X%2B6QLw4h5nJzJv3XqZ9HCw5hzidCOANtRKwSEGU%2BMhHCl76PlM4zIlI%2BUaRq4jFCmYRIrGyxf8UlzLHKIJigoRYM45znFEoBBxQyngBYuRTwLkt5AhDgngaSa08SAqaTxYshoJUSxF9O6QsQBTOJOGKBDDkZEUozCFLcJElwLd8p39NHWMOQuQiIsT5%2FwtxQLDYWwBcjBgmIQF8ELP1i3THUvUSNE3X%2FdDADtxovm6HoWMbVcO39NC2jNDMjPrjHbQvI%2Fu5yFzL2nq%2FeEUrpCxTQpU652gjrnalK9%2BzQ%2FRPvKbndQb9597grtlVn74IrpXc0YM5tVvOsDLymla94dRn95Oe12h7bqcx1iq3XddqTR%2FdiloqB2lNMy3VMm1T1TXDKKNgP7AMS68aarUcfdTU79kvPHqQ8Q%3D%3D] that contained an invalid cookie. That cookie will be ignored.Note: further occurrences of this error will be logged at DEBUG level.
