16-Jun-2019 11:46:00.992 信息 [localhost-startStop-1] org.apache.catalina.core.ApplicationContext.log No Spring WebApplicationInitializer types detected on classpath
16-Jun-2019 11:46:01.033 信息 [localhost-startStop-1] org.apache.catalina.core.ApplicationContext.log Initializing log4j system
16-Jun-2019 11:46:01.093 信息 [localhost-startStop-1] org.apache.catalina.core.ApplicationContext.log Initializing Spring root WebApplicationContext
16-Jun-2019 11:46:05.368 信息 [localhost-startStop-1] org.apache.catalina.core.ApplicationContext.log Initializing Spring sub WebApplicationContext: sysmanage
16-Jun-2019 11:46:06.003 信息 [localhost-startStop-1] org.apache.catalina.core.ApplicationContext.log Initializing Spring sub WebApplicationContext: sysinfo
16-Jun-2019 11:46:06.532 信息 [localhost-startStop-1] org.apache.catalina.core.ApplicationContext.log Initializing Spring sub WebApplicationContext: personal
16-Jun-2019 11:46:07.094 信息 [localhost-startStop-1] org.apache.catalina.core.ApplicationContext.log Initializing Spring sub WebApplicationContext: governance
16-Jun-2019 11:46:07.590 信息 [localhost-startStop-1] org.apache.catalina.core.ApplicationContext.log Initializing Spring sub WebApplicationContext: home
16-Jun-2019 11:46:08.153 信息 [localhost-startStop-1] org.apache.catalina.core.ApplicationContext.log WebxComponents: initialization completed
16-Jun-2019 11:46:08.156 信息 [localhost-startStop-1] org.apache.catalina.core.ApplicationContext.log Initializing filter: webx
16-Jun-2019 11:46:08.162 信息 [localhost-startStop-1] org.apache.catalina.core.ApplicationContext.log WebxFrameworkFilter - webx: initialization completed
16-Jun-2019 11:46:08.164 信息 [localhost-startStop-1] org.apache.catalina.core.ApplicationContext.log Initializing filter: mdc
16-Jun-2019 11:46:08.164 信息 [localhost-startStop-1] org.apache.catalina.core.ApplicationContext.log SetLoggingContextFilter - mdc: initialization completed
16-Jun-2019 11:46:08.368 信息 [localhost-startStop-1] org.apache.catalina.core.ApplicationContext.log ContextListener: contextInitialized()
16-Jun-2019 11:46:08.368 信息 [localhost-startStop-1] org.apache.catalina.core.ApplicationContext.log SessionListener: contextInitialized()
16-Jun-2019 11:46:08.369 信息 [localhost-startStop-1] org.apache.catalina.core.ApplicationContext.log ContextListener: attributeAdded('StockTicker', 'async.Stockticker@7cb94b00')
16-Jun-2019 11:53:21.912 信息 [localhost-startStop-1] org.apache.catalina.core.ApplicationContext.log No Spring WebApplicationInitializer types detected on classpath
16-Jun-2019 11:53:21.942 信息 [localhost-startStop-1] org.apache.catalina.core.ApplicationContext.log Initializing log4j system
16-Jun-2019 11:53:22.002 信息 [localhost-startStop-1] org.apache.catalina.core.ApplicationContext.log Initializing Spring root WebApplicationContext
16-Jun-2019 11:54:12.390 信息 [localhost-startStop-1] org.apache.catalina.core.ApplicationContext.log Initializing Spring sub WebApplicationContext: sysmanage
16-Jun-2019 11:54:13.077 信息 [localhost-startStop-1] org.apache.catalina.core.ApplicationContext.log Initializing Spring sub WebApplicationContext: sysinfo
16-Jun-2019 11:54:13.593 信息 [localhost-startStop-1] org.apache.catalina.core.ApplicationContext.log Initializing Spring sub WebApplicationContext: personal
16-Jun-2019 11:54:14.013 信息 [localhost-startStop-1] org.apache.catalina.core.ApplicationContext.log Initializing Spring sub WebApplicationContext: governance
16-Jun-2019 11:54:14.481 信息 [localhost-startStop-1] org.apache.catalina.core.ApplicationContext.log Initializing Spring sub WebApplicationContext: home
16-Jun-2019 11:54:14.938 信息 [localhost-startStop-1] org.apache.catalina.core.ApplicationContext.log WebxComponents: initialization completed
16-Jun-2019 11:54:14.939 信息 [localhost-startStop-1] org.apache.catalina.core.ApplicationContext.log Initializing filter: webx
16-Jun-2019 11:54:14.945 信息 [localhost-startStop-1] org.apache.catalina.core.ApplicationContext.log WebxFrameworkFilter - webx: initialization completed
16-Jun-2019 11:54:14.945 信息 [localhost-startStop-1] org.apache.catalina.core.ApplicationContext.log Initializing filter: mdc
16-Jun-2019 11:54:14.946 信息 [localhost-startStop-1] org.apache.catalina.core.ApplicationContext.log SetLoggingContextFilter - mdc: initialization completed
16-Jun-2019 11:54:15.098 信息 [localhost-startStop-1] org.apache.catalina.core.ApplicationContext.log ContextListener: contextInitialized()
16-Jun-2019 11:54:15.098 信息 [localhost-startStop-1] org.apache.catalina.core.ApplicationContext.log SessionListener: contextInitialized()
16-Jun-2019 11:54:15.099 信息 [localhost-startStop-1] org.apache.catalina.core.ApplicationContext.log ContextListener: attributeAdded('StockTicker', 'async.Stockticker@155e2a1d')
16-Jun-2019 12:03:58.354 信息 [localhost-startStop-1] org.apache.catalina.core.ApplicationContext.log No Spring WebApplicationInitializer types detected on classpath
16-Jun-2019 12:03:58.386 信息 [localhost-startStop-1] org.apache.catalina.core.ApplicationContext.log Initializing log4j system
16-Jun-2019 12:03:58.451 信息 [localhost-startStop-1] org.apache.catalina.core.ApplicationContext.log Initializing Spring root WebApplicationContext
16-Jun-2019 12:04:05.509 信息 [localhost-startStop-1] org.apache.catalina.core.ApplicationContext.log Initializing Spring sub WebApplicationContext: sysmanage
16-Jun-2019 12:04:06.185 信息 [localhost-startStop-1] org.apache.catalina.core.ApplicationContext.log Initializing Spring sub WebApplicationContext: sysinfo
16-Jun-2019 12:04:06.702 信息 [localhost-startStop-1] org.apache.catalina.core.ApplicationContext.log Initializing Spring sub WebApplicationContext: personal
16-Jun-2019 12:04:07.169 信息 [localhost-startStop-1] org.apache.catalina.core.ApplicationContext.log Initializing Spring sub WebApplicationContext: governance
16-Jun-2019 12:04:07.641 信息 [localhost-startStop-1] org.apache.catalina.core.ApplicationContext.log Initializing Spring sub WebApplicationContext: home
16-Jun-2019 12:04:08.112 信息 [localhost-startStop-1] org.apache.catalina.core.ApplicationContext.log WebxComponents: initialization completed
16-Jun-2019 12:04:08.114 信息 [localhost-startStop-1] org.apache.catalina.core.ApplicationContext.log Initializing filter: webx
16-Jun-2019 12:04:08.118 信息 [localhost-startStop-1] org.apache.catalina.core.ApplicationContext.log WebxFrameworkFilter - webx: initialization completed
16-Jun-2019 12:04:08.119 信息 [localhost-startStop-1] org.apache.catalina.core.ApplicationContext.log Initializing filter: mdc
16-Jun-2019 12:04:08.119 信息 [localhost-startStop-1] org.apache.catalina.core.ApplicationContext.log SetLoggingContextFilter - mdc: initialization completed
16-Jun-2019 12:04:08.264 信息 [localhost-startStop-1] org.apache.catalina.core.ApplicationContext.log ContextListener: contextInitialized()
16-Jun-2019 12:04:08.264 信息 [localhost-startStop-1] org.apache.catalina.core.ApplicationContext.log SessionListener: contextInitialized()
16-Jun-2019 12:04:08.265 信息 [localhost-startStop-1] org.apache.catalina.core.ApplicationContext.log ContextListener: attributeAdded('StockTicker', 'async.Stockticker@7811e692')
